2020-07-29 08:38:29.7477|INFO|Microsoft.Hosting.Lifetime|Application started. Press Ctrl+C to shut down.
2020-07-29 08:38:29.8275|INFO|Microsoft.Hosting.Lifetime|Hosting environment: Development
2020-07-29 08:38:29.8275|INFO|Microsoft.Hosting.Lifetime|Content root path: C:\Users\ahmed.mahbub\Desktop\PartnerFinder\PartnerFinderAPI\PartnerFinderAPI
2020-07-29 09:36:32.6356|INFO|Microsoft.Hosting.Lifetime|Application started. Press Ctrl+C to shut down.
2020-07-29 09:36:32.6804|INFO|Microsoft.Hosting.Lifetime|Hosting environment: Development
2020-07-29 09:36:32.6869|INFO|Microsoft.Hosting.Lifetime|Content root path: C:\Users\ahmed.mahbub\Desktop\PartnerFinder\PartnerFinderAPI\PartnerFinderAPI
2020-07-29 09:39:16.6163|ERROR|Microsoft.AspNetCore.Diagnostics.ExceptionHandlerMiddleware|An unhandled exception has occurred while executing the request.
2020-07-29 09:39:16.8028|ERROR|Microsoft.EntityFrameworkCore.Database.Connection|An error occurred using the connection to database 'PartnerFinder' on server '(localdb)\MSSQLLocalDB'.
2020-07-29 09:39:16.8379|ERROR|Microsoft.EntityFrameworkCore.Query|An exception occurred while iterating over the results of a query for context type 'PartnerFinderAPI.DB.AppDbContext'.
System.Threading.Tasks.TaskCanceledException: A task was canceled.
   at Microsoft.EntityFrameworkCore.Storage.RelationalConnection.OpenDbConnectionAsync(Boolean errorsExpected, CancellationToken cancellationToken)
   at Microsoft.EntityFrameworkCore.Storage.RelationalConnection.OpenDbConnectionAsync(Boolean errorsExpected, CancellationToken cancellationToken)
   at Microsoft.EntityFrameworkCore.Storage.RelationalConnection.OpenAsync(CancellationToken cancellationToken, Boolean errorsExpected)
   at Microsoft.EntityFrameworkCore.Storage.RelationalCommand.ExecuteReaderAsync(RelationalCommandParameterObject parameterObject, CancellationToken cancellationToken)
   at Microsoft.EntityFrameworkCore.Query.Internal.QueryingEnumerable`1.AsyncEnumerator.InitializeReaderAsync(DbContext _, Boolean result, CancellationToken cancellationToken)
   at Microsoft.EntityFrameworkCore.SqlServer.Storage.Internal.SqlServerExecutionStrategy.ExecuteAsync[TState,TResult](TState state, Func`4 operation, Func`4 verifySucceeded, CancellationToken cancellationToken)
   at Microsoft.EntityFrameworkCore.Query.Internal.QueryingEnumerable`1.AsyncEnumerator.MoveNextAsync()
2020-07-29 09:40:21.4055|INFO|Microsoft.Hosting.Lifetime|Application started. Press Ctrl+C to shut down.
2020-07-29 09:40:21.4572|INFO|Microsoft.Hosting.Lifetime|Hosting environment: Development
2020-07-29 09:40:21.4572|INFO|Microsoft.Hosting.Lifetime|Content root path: C:\Users\ahmed.mahbub\Desktop\PartnerFinder\PartnerFinderAPI\PartnerFinderAPI
2020-07-29 09:41:18.2674|INFO|Microsoft.Hosting.Lifetime|Application started. Press Ctrl+C to shut down.
2020-07-29 09:41:18.3758|INFO|Microsoft.Hosting.Lifetime|Hosting environment: Development
2020-07-29 09:41:18.4324|INFO|Microsoft.Hosting.Lifetime|Content root path: C:\Users\ahmed.mahbub\Desktop\PartnerFinder\PartnerFinderAPI\PartnerFinderAPI
2020-07-29 09:46:12.4789|INFO|Microsoft.Hosting.Lifetime|Application started. Press Ctrl+C to shut down.
2020-07-29 09:46:12.5566|INFO|Microsoft.Hosting.Lifetime|Hosting environment: Development
2020-07-29 09:46:12.5807|INFO|Microsoft.Hosting.Lifetime|Content root path: C:\Users\ahmed.mahbub\Desktop\PartnerFinder\PartnerFinderAPI\PartnerFinderAPI
2020-07-29 09:49:08.1057|INFO|Microsoft.Hosting.Lifetime|Application started. Press Ctrl+C to shut down.
2020-07-29 09:49:08.1686|INFO|Microsoft.Hosting.Lifetime|Hosting environment: Development
2020-07-29 09:49:08.1768|INFO|Microsoft.Hosting.Lifetime|Content root path: C:\Users\ahmed.mahbub\Desktop\PartnerFinder\PartnerFinderAPI\PartnerFinderAPI
2020-07-29 09:51:01.7279|INFO|Microsoft.Hosting.Lifetime|Application started. Press Ctrl+C to shut down.
2020-07-29 09:51:01.7706|INFO|Microsoft.Hosting.Lifetime|Hosting environment: Development
2020-07-29 09:51:01.7706|INFO|Microsoft.Hosting.Lifetime|Content root path: C:\Users\ahmed.mahbub\Desktop\PartnerFinder\PartnerFinderAPI\PartnerFinderAPI
2020-07-29 09:53:03.3329|INFO|Microsoft.Hosting.Lifetime|Application started. Press Ctrl+C to shut down.
2020-07-29 09:53:03.6267|INFO|Microsoft.Hosting.Lifetime|Hosting environment: Development
2020-07-29 09:53:03.7376|INFO|Microsoft.Hosting.Lifetime|Content root path: C:\Users\ahmed.mahbub\Desktop\PartnerFinder\PartnerFinderAPI\PartnerFinderAPI
2020-07-29 10:56:58.7139|INFO|Microsoft.Hosting.Lifetime|Application started. Press Ctrl+C to shut down.
2020-07-29 10:56:58.7925|INFO|Microsoft.Hosting.Lifetime|Hosting environment: Development
2020-07-29 10:56:58.8066|INFO|Microsoft.Hosting.Lifetime|Content root path: C:\Users\ahmed.mahbub\Desktop\PartnerFinder\PartnerFinderAPI\PartnerFinderAPI
2020-07-29 11:37:36.4587|INFO|Microsoft.Hosting.Lifetime|Application started. Press Ctrl+C to shut down.
2020-07-29 11:37:36.5155|INFO|Microsoft.Hosting.Lifetime|Hosting environment: Development
2020-07-29 11:37:36.5155|INFO|Microsoft.Hosting.Lifetime|Content root path: C:\Users\ahmed.mahbub\Desktop\PartnerFinder\PartnerFinderAPI\PartnerFinderAPI
2020-07-29 13:24:27.5823|INFO|Microsoft.Hosting.Lifetime|Application started. Press Ctrl+C to shut down.
2020-07-29 13:24:27.6817|INFO|Microsoft.Hosting.Lifetime|Hosting environment: Development
2020-07-29 13:24:27.7012|INFO|Microsoft.Hosting.Lifetime|Content root path: C:\Users\ahmed.mahbub\Desktop\PartnerFinder\PartnerFinderAPI\PartnerFinderAPI
2020-07-29 13:46:15.6785|INFO|Microsoft.Hosting.Lifetime|Application started. Press Ctrl+C to shut down.
2020-07-29 13:46:15.7288|INFO|Microsoft.Hosting.Lifetime|Hosting environment: Development
2020-07-29 13:46:15.7356|INFO|Microsoft.Hosting.Lifetime|Content root path: C:\Users\ahmed.mahbub\Desktop\PartnerFinder\PartnerFinderAPI\PartnerFinderAPI
2020-07-29 13:48:54.3306|INFO|Microsoft.Hosting.Lifetime|Application started. Press Ctrl+C to shut down.
2020-07-29 13:48:54.4077|INFO|Microsoft.Hosting.Lifetime|Hosting environment: Development
2020-07-29 13:48:54.4077|INFO|Microsoft.Hosting.Lifetime|Content root path: C:\Users\ahmed.mahbub\Desktop\PartnerFinder\PartnerFinderAPI\PartnerFinderAPI
2020-07-29 17:55:18.3426|INFO|Microsoft.Hosting.Lifetime|Application started. Press Ctrl+C to shut down.
2020-07-29 17:55:18.4278|INFO|Microsoft.Hosting.Lifetime|Hosting environment: Development
2020-07-29 17:55:18.4474|INFO|Microsoft.Hosting.Lifetime|Content root path: C:\Users\ahmed.mahbub\Desktop\PartnerFinder\PartnerFinderAPI\PartnerFinderAPI
2020-07-29 18:15:50.4033|INFO|Microsoft.Hosting.Lifetime|Application started. Press Ctrl+C to shut down.
2020-07-29 18:15:50.4761|INFO|Microsoft.Hosting.Lifetime|Hosting environment: Development
2020-07-29 18:15:50.4881|INFO|Microsoft.Hosting.Lifetime|Content root path: C:\Users\ahmed.mahbub\Desktop\PartnerFinder\PartnerFinderAPI\PartnerFinderAPI
2020-07-29 18:18:16.0917|INFO|Microsoft.Hosting.Lifetime|Application started. Press Ctrl+C to shut down.
2020-07-29 18:18:16.1693|INFO|Microsoft.Hosting.Lifetime|Hosting environment: Development
2020-07-29 18:18:16.1799|INFO|Microsoft.Hosting.Lifetime|Content root path: C:\Users\ahmed.mahbub\Desktop\PartnerFinder\PartnerFinderAPI\PartnerFinderAPI
2020-07-29 18:31:49.4913|INFO|Microsoft.Hosting.Lifetime|Application started. Press Ctrl+C to shut down.
2020-07-29 18:31:49.5676|INFO|Microsoft.Hosting.Lifetime|Hosting environment: Development
2020-07-29 18:31:49.5676|INFO|Microsoft.Hosting.Lifetime|Content root path: C:\Users\ahmed.mahbub\Desktop\PartnerFinder\PartnerFinderAPI\PartnerFinderAPI
2020-07-29 18:36:31.1507|INFO|Microsoft.Hosting.Lifetime|Application started. Press Ctrl+C to shut down.
2020-07-29 18:36:31.2036|INFO|Microsoft.Hosting.Lifetime|Hosting environment: Development
2020-07-29 18:36:31.2036|INFO|Microsoft.Hosting.Lifetime|Content root path: C:\Users\ahmed.mahbub\Desktop\PartnerFinder\PartnerFinderAPI\PartnerFinderAPI
2020-07-29 19:24:49.1183|INFO|Microsoft.Hosting.Lifetime|Application started. Press Ctrl+C to shut down.
2020-07-29 19:24:49.1699|INFO|Microsoft.Hosting.Lifetime|Hosting environment: Development
2020-07-29 19:24:49.1776|INFO|Microsoft.Hosting.Lifetime|Content root path: C:\Users\ahmed.mahbub\Desktop\PartnerFinder\PartnerFinderAPI\PartnerFinderAPI
2020-07-29 19:32:21.9505|INFO|Microsoft.Hosting.Lifetime|Application started. Press Ctrl+C to shut down.
2020-07-29 19:32:22.0305|INFO|Microsoft.Hosting.Lifetime|Hosting environment: Development
2020-07-29 19:32:22.0392|INFO|Microsoft.Hosting.Lifetime|Content root path: C:\Users\ahmed.mahbub\Desktop\PartnerFinder\PartnerFinderAPI\PartnerFinderAPI
