2020-07-30 07:50:40.4594|INFO|Microsoft.Hosting.Lifetime|Application started. Press Ctrl+C to shut down.
2020-07-30 07:50:40.5118|INFO|Microsoft.Hosting.Lifetime|Hosting environment: Development
2020-07-30 07:50:40.5192|INFO|Microsoft.Hosting.Lifetime|Content root path: C:\Users\ahmed.mahbub\Desktop\PartnerFinder\PartnerFinderAPI\PartnerFinderAPI
2020-07-30 08:50:03.5096|INFO|Microsoft.Hosting.Lifetime|Application started. Press Ctrl+C to shut down.
2020-07-30 08:50:03.5545|INFO|Microsoft.Hosting.Lifetime|Hosting environment: Development
2020-07-30 08:50:03.5545|INFO|Microsoft.Hosting.Lifetime|Content root path: C:\Users\ahmed.mahbub\Desktop\PartnerFinder\PartnerFinderAPI\PartnerFinderAPI
2020-07-30 09:54:51.8074|INFO|Microsoft.Hosting.Lifetime|Application started. Press Ctrl+C to shut down.
2020-07-30 09:54:51.8497|INFO|Microsoft.Hosting.Lifetime|Hosting environment: Development
2020-07-30 09:54:51.8771|INFO|Microsoft.Hosting.Lifetime|Content root path: C:\Users\ahmed.mahbub\Desktop\PartnerFinder\PartnerFinderAPI\PartnerFinderAPI
2020-07-30 10:02:25.6621|INFO|Microsoft.Hosting.Lifetime|Application started. Press Ctrl+C to shut down.
2020-07-30 10:02:25.7183|INFO|Microsoft.Hosting.Lifetime|Hosting environment: Development
2020-07-30 10:02:25.7183|INFO|Microsoft.Hosting.Lifetime|Content root path: C:\Users\ahmed.mahbub\Desktop\PartnerFinder\PartnerFinderAPI\PartnerFinderAPI
2020-07-30 10:03:00.7488|ERROR|Microsoft.EntityFrameworkCore.Database.Connection|An error occurred using the connection to database 'PartnerFinder' on server '(localdb)\MSSQLLocalDB'.
2020-07-30 10:03:00.8518|ERROR|Microsoft.EntityFrameworkCore.Query|An exception occurred while iterating over the results of a query for context type 'PartnerFinderAPI.DB.AppDbContext'.
System.Threading.Tasks.TaskCanceledException: A task was canceled.
   at Microsoft.EntityFrameworkCore.Storage.RelationalConnection.OpenDbConnectionAsync(Boolean errorsExpected, CancellationToken cancellationToken)
   at Microsoft.EntityFrameworkCore.Storage.RelationalConnection.OpenDbConnectionAsync(Boolean errorsExpected, CancellationToken cancellationToken)
   at Microsoft.EntityFrameworkCore.Storage.RelationalConnection.OpenAsync(CancellationToken cancellationToken, Boolean errorsExpected)
   at Microsoft.EntityFrameworkCore.Storage.RelationalCommand.ExecuteReaderAsync(RelationalCommandParameterObject parameterObject, CancellationToken cancellationToken)
   at Microsoft.EntityFrameworkCore.Query.Internal.QueryingEnumerable`1.AsyncEnumerator.InitializeReaderAsync(DbContext _, Boolean result, CancellationToken cancellationToken)
   at Microsoft.EntityFrameworkCore.SqlServer.Storage.Internal.SqlServerExecutionStrategy.ExecuteAsync[TState,TResult](TState state, Func`4 operation, Func`4 verifySucceeded, CancellationToken cancellationToken)
   at Microsoft.EntityFrameworkCore.Query.Internal.QueryingEnumerable`1.AsyncEnumerator.MoveNextAsync()
2020-07-30 10:04:51.7898|INFO|Microsoft.Hosting.Lifetime|Application started. Press Ctrl+C to shut down.
2020-07-30 10:04:51.8315|INFO|Microsoft.Hosting.Lifetime|Hosting environment: Development
2020-07-30 10:04:51.8315|INFO|Microsoft.Hosting.Lifetime|Content root path: C:\Users\ahmed.mahbub\Desktop\PartnerFinder\PartnerFinderAPI\PartnerFinderAPI
2020-07-30 10:06:33.1675|INFO|Microsoft.Hosting.Lifetime|Application started. Press Ctrl+C to shut down.
2020-07-30 10:06:33.2118|INFO|Microsoft.Hosting.Lifetime|Hosting environment: Development
2020-07-30 10:06:33.2118|INFO|Microsoft.Hosting.Lifetime|Content root path: C:\Users\ahmed.mahbub\Desktop\PartnerFinder\PartnerFinderAPI\PartnerFinderAPI
2020-07-30 10:09:52.6365|INFO|Microsoft.Hosting.Lifetime|Application started. Press Ctrl+C to shut down.
2020-07-30 10:09:52.6944|INFO|Microsoft.Hosting.Lifetime|Hosting environment: Development
2020-07-30 10:09:52.6944|INFO|Microsoft.Hosting.Lifetime|Content root path: C:\Users\ahmed.mahbub\Desktop\PartnerFinder\PartnerFinderAPI\PartnerFinderAPI
2020-07-30 10:12:53.2313|INFO|Microsoft.Hosting.Lifetime|Application started. Press Ctrl+C to shut down.
2020-07-30 10:12:53.2906|INFO|Microsoft.Hosting.Lifetime|Hosting environment: Development
2020-07-30 10:12:53.3023|INFO|Microsoft.Hosting.Lifetime|Content root path: C:\Users\ahmed.mahbub\Desktop\PartnerFinder\PartnerFinderAPI\PartnerFinderAPI
2020-07-30 10:23:48.5949|INFO|Microsoft.Hosting.Lifetime|Application started. Press Ctrl+C to shut down.
2020-07-30 10:23:48.6379|INFO|Microsoft.Hosting.Lifetime|Hosting environment: Development
2020-07-30 10:23:48.6467|INFO|Microsoft.Hosting.Lifetime|Content root path: C:\Users\ahmed.mahbub\Desktop\PartnerFinder\PartnerFinderAPI\PartnerFinderAPI
2020-07-30 10:26:39.7764|INFO|Microsoft.Hosting.Lifetime|Application started. Press Ctrl+C to shut down.
2020-07-30 10:26:39.8510|INFO|Microsoft.Hosting.Lifetime|Hosting environment: Development
2020-07-30 10:26:39.8665|INFO|Microsoft.Hosting.Lifetime|Content root path: C:\Users\ahmed.mahbub\Desktop\PartnerFinder\PartnerFinderAPI\PartnerFinderAPI
2020-07-30 10:28:13.1111|INFO|Microsoft.Hosting.Lifetime|Application started. Press Ctrl+C to shut down.
2020-07-30 10:28:13.1854|INFO|Microsoft.Hosting.Lifetime|Hosting environment: Development
2020-07-30 10:28:13.2043|INFO|Microsoft.Hosting.Lifetime|Content root path: C:\Users\ahmed.mahbub\Desktop\PartnerFinder\PartnerFinderAPI\PartnerFinderAPI
2020-07-30 10:32:57.3947|INFO|Microsoft.Hosting.Lifetime|Application started. Press Ctrl+C to shut down.
2020-07-30 10:32:57.4612|INFO|Microsoft.Hosting.Lifetime|Hosting environment: Development
2020-07-30 10:32:57.5049|INFO|Microsoft.Hosting.Lifetime|Content root path: C:\Users\ahmed.mahbub\Desktop\PartnerFinder\PartnerFinderAPI\PartnerFinderAPI
2020-07-30 10:35:29.5736|INFO|Microsoft.Hosting.Lifetime|Application started. Press Ctrl+C to shut down.
2020-07-30 10:35:29.6413|INFO|Microsoft.Hosting.Lifetime|Hosting environment: Development
2020-07-30 10:35:29.6570|INFO|Microsoft.Hosting.Lifetime|Content root path: C:\Users\ahmed.mahbub\Desktop\PartnerFinder\PartnerFinderAPI\PartnerFinderAPI
2020-07-30 10:36:14.7952|INFO|Microsoft.Hosting.Lifetime|Application started. Press Ctrl+C to shut down.
2020-07-30 10:36:14.8590|INFO|Microsoft.Hosting.Lifetime|Hosting environment: Development
2020-07-30 10:36:14.8712|INFO|Microsoft.Hosting.Lifetime|Content root path: C:\Users\ahmed.mahbub\Desktop\PartnerFinder\PartnerFinderAPI\PartnerFinderAPI
2020-07-30 10:37:02.6915|INFO|Microsoft.Hosting.Lifetime|Application started. Press Ctrl+C to shut down.
2020-07-30 10:37:02.7514|INFO|Microsoft.Hosting.Lifetime|Hosting environment: Development
2020-07-30 10:37:02.7514|INFO|Microsoft.Hosting.Lifetime|Content root path: C:\Users\ahmed.mahbub\Desktop\PartnerFinder\PartnerFinderAPI\PartnerFinderAPI
2020-07-30 10:38:09.1088|INFO|Microsoft.Hosting.Lifetime|Application started. Press Ctrl+C to shut down.
2020-07-30 10:38:09.1484|INFO|Microsoft.Hosting.Lifetime|Hosting environment: Development
2020-07-30 10:38:09.1570|INFO|Microsoft.Hosting.Lifetime|Content root path: C:\Users\ahmed.mahbub\Desktop\PartnerFinder\PartnerFinderAPI\PartnerFinderAPI
2020-07-30 10:39:24.1511|INFO|Microsoft.Hosting.Lifetime|Application started. Press Ctrl+C to shut down.
2020-07-30 10:39:24.2179|INFO|Microsoft.Hosting.Lifetime|Hosting environment: Development
2020-07-30 10:39:24.2376|INFO|Microsoft.Hosting.Lifetime|Content root path: C:\Users\ahmed.mahbub\Desktop\PartnerFinder\PartnerFinderAPI\PartnerFinderAPI
2020-07-30 10:57:33.9353|INFO|Microsoft.Hosting.Lifetime|Application started. Press Ctrl+C to shut down.
2020-07-30 10:57:33.9949|INFO|Microsoft.Hosting.Lifetime|Hosting environment: Development
2020-07-30 10:57:34.0180|INFO|Microsoft.Hosting.Lifetime|Content root path: C:\Users\ahmed.mahbub\Desktop\PartnerFinder\PartnerFinderAPI\PartnerFinderAPI
2020-07-30 13:24:13.9091|INFO|Microsoft.Hosting.Lifetime|Application started. Press Ctrl+C to shut down.
2020-07-30 13:24:13.9491|INFO|Microsoft.Hosting.Lifetime|Hosting environment: Development
2020-07-30 13:24:13.9567|INFO|Microsoft.Hosting.Lifetime|Content root path: C:\Users\ahmed.mahbub\Desktop\PartnerFinder\PartnerFinderAPI\PartnerFinderAPI
2020-07-30 13:35:08.7982|INFO|Microsoft.Hosting.Lifetime|Application started. Press Ctrl+C to shut down.
2020-07-30 13:35:08.8617|INFO|Microsoft.Hosting.Lifetime|Hosting environment: Development
2020-07-30 13:35:08.8617|INFO|Microsoft.Hosting.Lifetime|Content root path: C:\Users\ahmed.mahbub\Desktop\PartnerFinder\PartnerFinderAPI\PartnerFinderAPI
2020-07-30 13:36:11.2605|INFO|Microsoft.Hosting.Lifetime|Application started. Press Ctrl+C to shut down.
2020-07-30 13:36:11.3251|INFO|Microsoft.Hosting.Lifetime|Hosting environment: Development
2020-07-30 13:36:11.3353|INFO|Microsoft.Hosting.Lifetime|Content root path: C:\Users\ahmed.mahbub\Desktop\PartnerFinder\PartnerFinderAPI\PartnerFinderAPI
2020-07-30 13:37:06.7057|INFO|Microsoft.Hosting.Lifetime|Application started. Press Ctrl+C to shut down.
2020-07-30 13:37:06.7836|INFO|Microsoft.Hosting.Lifetime|Hosting environment: Development
2020-07-30 13:37:06.7987|INFO|Microsoft.Hosting.Lifetime|Content root path: C:\Users\ahmed.mahbub\Desktop\PartnerFinder\PartnerFinderAPI\PartnerFinderAPI
2020-07-30 13:39:09.6485|INFO|Microsoft.Hosting.Lifetime|Application started. Press Ctrl+C to shut down.
2020-07-30 13:39:09.7643|INFO|Microsoft.Hosting.Lifetime|Hosting environment: Development
2020-07-30 13:39:09.8053|INFO|Microsoft.Hosting.Lifetime|Content root path: C:\Users\ahmed.mahbub\Desktop\PartnerFinder\PartnerFinderAPI\PartnerFinderAPI
2020-07-30 13:39:58.0106|INFO|Microsoft.Hosting.Lifetime|Application started. Press Ctrl+C to shut down.
2020-07-30 13:39:58.0758|INFO|Microsoft.Hosting.Lifetime|Hosting environment: Development
2020-07-30 13:39:58.1263|INFO|Microsoft.Hosting.Lifetime|Content root path: C:\Users\ahmed.mahbub\Desktop\PartnerFinder\PartnerFinderAPI\PartnerFinderAPI
2020-07-30 13:45:33.2900|INFO|Microsoft.Hosting.Lifetime|Application started. Press Ctrl+C to shut down.
2020-07-30 13:45:33.6115|INFO|Microsoft.Hosting.Lifetime|Hosting environment: Development
2020-07-30 13:45:33.6455|INFO|Microsoft.Hosting.Lifetime|Content root path: C:\Users\ahmed.mahbub\Desktop\PartnerFinder\PartnerFinderAPI\PartnerFinderAPI
2020-07-30 13:46:12.9070|INFO|Microsoft.Hosting.Lifetime|Application started. Press Ctrl+C to shut down.
2020-07-30 13:46:12.9635|INFO|Microsoft.Hosting.Lifetime|Hosting environment: Development
2020-07-30 13:46:12.9736|INFO|Microsoft.Hosting.Lifetime|Content root path: C:\Users\ahmed.mahbub\Desktop\PartnerFinder\PartnerFinderAPI\PartnerFinderAPI
2020-07-30 13:53:20.7339|INFO|Microsoft.Hosting.Lifetime|Application started. Press Ctrl+C to shut down.
2020-07-30 13:53:20.8094|INFO|Microsoft.Hosting.Lifetime|Hosting environment: Development
2020-07-30 13:53:20.8263|INFO|Microsoft.Hosting.Lifetime|Content root path: C:\Users\ahmed.mahbub\Desktop\PartnerFinder\PartnerFinderAPI\PartnerFinderAPI
2020-07-30 13:57:00.8820|INFO|Microsoft.Hosting.Lifetime|Application started. Press Ctrl+C to shut down.
2020-07-30 13:57:00.9442|INFO|Microsoft.Hosting.Lifetime|Hosting environment: Development
2020-07-30 13:57:00.9545|INFO|Microsoft.Hosting.Lifetime|Content root path: C:\Users\ahmed.mahbub\Desktop\PartnerFinder\PartnerFinderAPI\PartnerFinderAPI
2020-07-30 13:59:15.5853|INFO|Microsoft.Hosting.Lifetime|Application started. Press Ctrl+C to shut down.
2020-07-30 13:59:15.6297|INFO|Microsoft.Hosting.Lifetime|Hosting environment: Development
2020-07-30 13:59:15.6297|INFO|Microsoft.Hosting.Lifetime|Content root path: C:\Users\ahmed.mahbub\Desktop\PartnerFinder\PartnerFinderAPI\PartnerFinderAPI
2020-07-30 14:01:06.9460|INFO|Microsoft.Hosting.Lifetime|Application started. Press Ctrl+C to shut down.
2020-07-30 14:01:07.0152|INFO|Microsoft.Hosting.Lifetime|Hosting environment: Development
2020-07-30 14:01:07.0152|INFO|Microsoft.Hosting.Lifetime|Content root path: C:\Users\ahmed.mahbub\Desktop\PartnerFinder\PartnerFinderAPI\PartnerFinderAPI
