2020-07-27 10:02:40.2948|INFO|Microsoft.Hosting.Lifetime|Application started. Press Ctrl+C to shut down.
2020-07-27 10:02:40.3690|INFO|Microsoft.Hosting.Lifetime|Hosting environment: Development
2020-07-27 10:02:40.3776|INFO|Microsoft.Hosting.Lifetime|Content root path: C:\Users\ahmed.mahbub\Desktop\PartnerFinder\PartnerFinderAPI\PartnerFinderAPI
2020-07-27 13:21:29.1435|INFO|Microsoft.Hosting.Lifetime|Application started. Press Ctrl+C to shut down.
2020-07-27 13:21:29.2124|INFO|Microsoft.Hosting.Lifetime|Hosting environment: Development
2020-07-27 13:21:29.2183|INFO|Microsoft.Hosting.Lifetime|Content root path: C:\Users\ahmed.mahbub\Desktop\PartnerFinder\PartnerFinderAPI\PartnerFinderAPI
2020-07-27 13:32:42.1674|INFO|Microsoft.Hosting.Lifetime|Application started. Press Ctrl+C to shut down.
2020-07-27 13:32:42.2174|INFO|Microsoft.Hosting.Lifetime|Hosting environment: Development
2020-07-27 13:32:42.2238|INFO|Microsoft.Hosting.Lifetime|Content root path: C:\Users\ahmed.mahbub\Desktop\PartnerFinder\PartnerFinderAPI\PartnerFinderAPI
2020-07-27 13:47:49.6265|INFO|Microsoft.Hosting.Lifetime|Application started. Press Ctrl+C to shut down.
2020-07-27 13:47:49.6868|INFO|Microsoft.Hosting.Lifetime|Hosting environment: Development
2020-07-27 13:47:49.6956|INFO|Microsoft.Hosting.Lifetime|Content root path: C:\Users\ahmed.mahbub\Desktop\PartnerFinder\PartnerFinderAPI\PartnerFinderAPI
2020-07-27 14:00:20.6278|INFO|Microsoft.Hosting.Lifetime|Application started. Press Ctrl+C to shut down.
2020-07-27 14:00:20.6757|INFO|Microsoft.Hosting.Lifetime|Hosting environment: Development
2020-07-27 14:00:20.6757|INFO|Microsoft.Hosting.Lifetime|Content root path: C:\Users\ahmed.mahbub\Desktop\PartnerFinder\PartnerFinderAPI\PartnerFinderAPI
2020-07-27 14:19:17.8034|INFO|Microsoft.Hosting.Lifetime|Application started. Press Ctrl+C to shut down.
2020-07-27 14:19:17.8456|INFO|Microsoft.Hosting.Lifetime|Hosting environment: Development
2020-07-27 14:19:17.8456|INFO|Microsoft.Hosting.Lifetime|Content root path: C:\Users\ahmed.mahbub\Desktop\PartnerFinder\PartnerFinderAPI\PartnerFinderAPI
2020-07-27 14:20:44.8264|WARN|Microsoft.AspNetCore.Identity.UserManager|Invalid password for user f4380c2f-f1d6-42fe-bb33-5958d0a3c5bc.
2020-07-27 14:20:44.8320|WARN|Microsoft.AspNetCore.Identity.SignInManager|User f4380c2f-f1d6-42fe-bb33-5958d0a3c5bc failed to provide the correct password.
2020-07-27 14:21:37.9966|INFO|Microsoft.Hosting.Lifetime|Application started. Press Ctrl+C to shut down.
2020-07-27 14:21:38.0466|INFO|Microsoft.Hosting.Lifetime|Hosting environment: Development
2020-07-27 14:21:38.0466|INFO|Microsoft.Hosting.Lifetime|Content root path: C:\Users\ahmed.mahbub\Desktop\PartnerFinder\PartnerFinderAPI\PartnerFinderAPI
2020-07-27 14:24:41.4170|INFO|Microsoft.Hosting.Lifetime|Application started. Press Ctrl+C to shut down.
2020-07-27 14:24:41.5102|INFO|Microsoft.Hosting.Lifetime|Hosting environment: Development
2020-07-27 14:24:41.5303|INFO|Microsoft.Hosting.Lifetime|Content root path: C:\Users\ahmed.mahbub\Desktop\PartnerFinder\PartnerFinderAPI\PartnerFinderAPI
2020-07-27 14:31:26.7010|INFO|Microsoft.Hosting.Lifetime|Application started. Press Ctrl+C to shut down.
2020-07-27 14:31:26.7433|INFO|Microsoft.Hosting.Lifetime|Hosting environment: Development
2020-07-27 14:31:26.7522|INFO|Microsoft.Hosting.Lifetime|Content root path: C:\Users\ahmed.mahbub\Desktop\PartnerFinder\PartnerFinderAPI\PartnerFinderAPI
2020-07-27 15:05:11.9407|WARN|Microsoft.AspNetCore.Identity.UserManager|Invalid password for user f4380c2f-f1d6-42fe-bb33-5958d0a3c5bc.
2020-07-27 15:05:11.9716|WARN|Microsoft.AspNetCore.Identity.SignInManager|User f4380c2f-f1d6-42fe-bb33-5958d0a3c5bc failed to provide the correct password.
2020-07-27 15:05:16.1721|WARN|Microsoft.AspNetCore.Identity.UserManager|Invalid password for user f4380c2f-f1d6-42fe-bb33-5958d0a3c5bc.
2020-07-27 15:05:16.1721|WARN|Microsoft.AspNetCore.Identity.SignInManager|User f4380c2f-f1d6-42fe-bb33-5958d0a3c5bc failed to provide the correct password.
2020-07-27 15:21:50.7764|INFO|Microsoft.Hosting.Lifetime|Application started. Press Ctrl+C to shut down.
2020-07-27 15:21:50.8464|INFO|Microsoft.Hosting.Lifetime|Hosting environment: Development
2020-07-27 15:21:50.8464|INFO|Microsoft.Hosting.Lifetime|Content root path: C:\Users\ahmed.mahbub\Desktop\PartnerFinder\PartnerFinderAPI\PartnerFinderAPI
2020-07-27 15:22:41.2546|WARN|Microsoft.AspNetCore.Identity.UserManager|Invalid password for user f4380c2f-f1d6-42fe-bb33-5958d0a3c5bc.
2020-07-27 15:22:41.2737|WARN|Microsoft.AspNetCore.Identity.SignInManager|User f4380c2f-f1d6-42fe-bb33-5958d0a3c5bc failed to provide the correct password.
2020-07-27 15:23:21.9273|WARN|Microsoft.AspNetCore.Identity.UserManager|Invalid password for user f4380c2f-f1d6-42fe-bb33-5958d0a3c5bc.
2020-07-27 15:23:21.9593|WARN|Microsoft.AspNetCore.Identity.SignInManager|User f4380c2f-f1d6-42fe-bb33-5958d0a3c5bc failed to provide the correct password.
2020-07-27 15:23:58.4502|WARN|Microsoft.AspNetCore.Identity.UserManager|Invalid password for user f4380c2f-f1d6-42fe-bb33-5958d0a3c5bc.
2020-07-27 15:23:58.4560|WARN|Microsoft.AspNetCore.Identity.SignInManager|User f4380c2f-f1d6-42fe-bb33-5958d0a3c5bc failed to provide the correct password.
2020-07-27 16:25:37.1979|INFO|Microsoft.Hosting.Lifetime|Application started. Press Ctrl+C to shut down.
2020-07-27 16:25:37.2490|INFO|Microsoft.Hosting.Lifetime|Hosting environment: Development
2020-07-27 16:25:37.2567|INFO|Microsoft.Hosting.Lifetime|Content root path: C:\Users\ahmed.mahbub\Desktop\PartnerFinder\PartnerFinderAPI\PartnerFinderAPI
2020-07-27 18:32:22.2215|INFO|Microsoft.Hosting.Lifetime|Application started. Press Ctrl+C to shut down.
2020-07-27 18:32:22.2782|INFO|Microsoft.Hosting.Lifetime|Hosting environment: Development
2020-07-27 18:32:22.2851|INFO|Microsoft.Hosting.Lifetime|Content root path: C:\Users\ahmed.mahbub\Desktop\PartnerFinder\PartnerFinderAPI\PartnerFinderAPI
2020-07-27 22:20:03.5375|ERROR|Microsoft.EntityFrameworkCore.Database.Command|Failed executing DbCommand (7ms) [Parameters=[], CommandType='Text', CommandTimeout='30']
ALTER TABLE [Photos] DROP CONSTRAINT [FK_Photos_AspNetUsers_UserId];
2020-07-27 22:21:30.1148|ERROR|Microsoft.EntityFrameworkCore.Database.Command|Failed executing DbCommand (2ms) [Parameters=[], CommandType='Text', CommandTimeout='30']
ALTER TABLE [Photos] DROP CONSTRAINT [FK_Photos_AspNetUsers_UserId];
2020-07-27 22:22:55.9349|ERROR|Microsoft.EntityFrameworkCore.Database.Command|Failed executing DbCommand (3ms) [Parameters=[], CommandType='Text', CommandTimeout='30']
CREATE TABLE [AspNetRoles] (
    [Id] nvarchar(450) NOT NULL,
    [Name] nvarchar(256) NULL,
    [NormalizedName] nvarchar(256) NULL,
    [ConcurrencyStamp] nvarchar(max) NULL,
    CONSTRAINT [PK_AspNetRoles] PRIMARY KEY ([Id])
);
2020-07-27 22:25:27.9489|INFO|Microsoft.Hosting.Lifetime|Application started. Press Ctrl+C to shut down.
2020-07-27 22:25:28.0232|INFO|Microsoft.Hosting.Lifetime|Hosting environment: Development
2020-07-27 22:25:28.0413|INFO|Microsoft.Hosting.Lifetime|Content root path: C:\Users\ahmed.mahbub\Desktop\PartnerFinder\PartnerFinderAPI\PartnerFinderAPI
2020-07-27 22:27:14.1209|INFO|Microsoft.Hosting.Lifetime|Application started. Press Ctrl+C to shut down.
2020-07-27 22:27:14.1593|INFO|Microsoft.Hosting.Lifetime|Hosting environment: Development
2020-07-27 22:27:14.1593|INFO|Microsoft.Hosting.Lifetime|Content root path: C:\Users\ahmed.mahbub\Desktop\PartnerFinder\PartnerFinderAPI\PartnerFinderAPI
